  GridWorldUtils.cpp
C:\Projects\Basic-Q-Learning\Grid-World\Grid-World\GridWorldUtils.cpp(5,30): warning C4267: '초기화 중': 'size_t'에서 'int'(으)로 변환하면서 데이터가 손실될 수 있습니다.
C:\Projects\Basic-Q-Learning\Grid-World\Grid-World\GridWorldUtils.cpp(6,33): warning C4267: '초기화 중': 'size_t'에서 'int'(으)로 변환하면서 데이터가 손실될 수 있습니다.
C:\Projects\Basic-Q-Learning\Grid-World\Grid-World\GridWorldUtils.cpp(26,30): warning C4267: '초기화 중': 'size_t'에서 'int'(으)로 변환하면서 데이터가 손실될 수 있습니다.
C:\Projects\Basic-Q-Learning\Grid-World\Grid-World\GridWorldUtils.cpp(27,33): warning C4267: '초기화 중': 'size_t'에서 'int'(으)로 변환하면서 데이터가 손실될 수 있습니다.
C:\Projects\Basic-Q-Learning\Grid-World\Grid-World\GridWorldUtils.cpp(48,33): warning C4267: '초기화 중': 'size_t'에서 'int'(으)로 변환하면서 데이터가 손실될 수 있습니다.
C:\Projects\Basic-Q-Learning\Grid-World\Grid-World\GridWorldUtils.cpp(49,36): warning C4267: '초기화 중': 'size_t'에서 'int'(으)로 변환하면서 데이터가 손실될 수 있습니다.
  main.cpp
C:\Program Files (x86)\Microsoft Visual Studio\2019\Community\VC\Tools\MSVC\14.28.29333\include\xmemory(701,103): warning C4244: '인수': 'const double'에서 'float'(으)로 변환하면서 데이터가 손실될 수 있습니다.
C:\Program Files (x86)\Microsoft Visual Studio\2019\Community\VC\Tools\MSVC\14.28.29333\include\vector(682): message : 컴파일되는 함수 템플릿 인스턴스화 'void std::_Default_allocator_traits<_Alloc>::construct<_Ty,const double&>(_Alloc &,_Objty *const ,const double &)'에 대한 참조를 확인하세요.
          with
          [
              _Alloc=std::allocator<Cell>,
              _Ty=Cell,
              _Objty=Cell
          ]
C:\Program Files (x86)\Microsoft Visual Studio\2019\Community\VC\Tools\MSVC\14.28.29333\include\vector(687): message : 컴파일되는 함수 템플릿 인스턴스화 'void std::_Default_allocator_traits<_Alloc>::construct<_Ty,const double&>(_Alloc &,_Objty *const ,const double &)'에 대한 참조를 확인하세요.
          with
          [
              _Alloc=std::allocator<Cell>,
              _Ty=Cell,
              _Objty=Cell
          ]
C:\Program Files (x86)\Microsoft Visual Studio\2019\Community\VC\Tools\MSVC\14.28.29333\include\vector(700): message : 컴파일되는 함수 템플릿 인스턴스화 'void std::vector<Cell,std::allocator<Cell>>::_Emplace_back_with_unused_capacity<const double&>(const double &)'에 대한 참조를 확인하세요.
C:\Projects\Basic-Q-Learning\Grid-World\Grid-World\main.cpp(29): message : 컴파일되는 함수 템플릿 인스턴스화 'void std::vector<Cell,std::allocator<Cell>>::emplace_back<const double&>(const double &)'에 대한 참조를 확인하세요.
  코드를 생성하고 있습니다.
  Previous IPDB not found, fall back to full compilation.
  All 382 functions were compiled because no usable IPDB/IOBJ from previous compilation was found.
  코드를 생성했습니다.
  Grid-World.vcxproj -> C:\Projects\Basic-Q-Learning\Grid-World\x64\Release\Grid-World.exe
